<?xml version="1.0" encoding="UTF-8"?>
<!-- Generated by org.testng.reporters.JUnitReportReporter -->
<testsuite hostname="Raviteja" failures="0" tests="1" name="GenericUtility.BaseClass" time="3.345" errors="0" timestamp="2022-11-14T18:52:19 IST" skipped="0">
  <testcase classname="GenericUtility.BaseClass" name="lunchingBrowser" time="3.345"/>
  <system-out/>
</testsuite> <!-- GenericUtility.BaseClass -->
