<?xml version="1.0" encoding="UTF-8"?>
<!-- Generated by org.testng.reporters.JUnitReportReporter -->
<testsuite hostname="Raviteja" failures="0" tests="1" name="HomeModules.TestCase" time="0.362" errors="0" timestamp="2022-11-18T18:53:35 IST" skipped="0">
  <testcase classname="HomeModules.TestCase" name="testcaseDescription" time="0.362"/>
  <system-out/>
</testsuite> <!-- HomeModules.TestCase -->
